<?xml version="1.0" encoding="UTF-8"?>
<!-- Generated by org.testng.reporters.JUnitXMLReporter -->
<testsuite hostname="abhijeets-air.lan" ignored="2" tests="0" failures="0" timestamp="07 Sep 2018 06:19:31 GMT" time="0.0" errors="0">
  <testcase name="createStoreOne" time="0.0" classname="com.dista.test.automation.TestCreateStore">
    <ignored/>
  </testcase> <!-- createStoreOne -->
  <testcase name="createStoreTwo" time="0.0" classname="com.dista.test.automation.TestCreateStore">
    <ignored/>
  </testcase> <!-- createStoreTwo -->
</testsuite>
